# JRE version: OpenJDK Runtime Environment (21.0.8) (build 21.0.8+-14196175-b1038.72)
# Java VM: OpenJDK 64-Bit Server VM (21.0.8+-14196175-b1038.72, mixed mode, tiered, compressed oops, compressed class ptrs, g1 gc, windows-amd64)
GC Precious Log:
 CardTable entry size: 512
 Card Set container configuration: InlinePtr #cards 5 size 8 Array Of Cards #cards 12 size 40 Howl #buckets 4 coarsen threshold 1843 Howl Bitmap #cards 512 size 80 coarsen threshold 460 Card regions per heap region 1 cards per card region 2048
 CPUs: 8 total, 8 available
 Memory: 16212M
 Large Page Support: Disabled
 NUMA Support: Disabled
 Compressed Oops: Enabled (32-bit)
 Heap Region Size: 1M
 Heap Min Capacity: 8M
 Heap Initial Capacity: 254M
 Heap Max Capacity: 2G
 Pre-touch: Disabled
 Parallel Workers: 8
 Concurrent Workers: 2
 Concurrent Refinement Workers: 8
 Periodic GC: Disabled
Heap:
 garbage-first heap   total 291840K, used 181127K [0x0000000080000000, 0x0000000100000000)
  region size 1024K, 16 young (16384K), 8 survivors (8192K)
 Metaspace       used 132774K, committed 135040K, reserved 1179648K
  class space    used 18935K, committed 20032K, reserved 1048576K
GC Heap History (20 events):
Event: 14.892 GC heap before
{Heap before GC invocations=36 (full 0):
 garbage-first heap   total 147456K, used 118615K [0x0000000080000000, 0x0000000100000000)
  region size 1024K, 37 young (37888K), 6 survivors (6144K)
 Metaspace       used 95524K, committed 97600K, reserved 1179648K
  class space    used 13631K, committed 14592K, reserved 1048576K
}
Event: 14.898 GC heap after
{Heap after GC invocations=37 (full 0):
 garbage-first heap   total 147456K, used 91547K [0x0000000080000000, 0x0000000100000000)
  region size 1024K, 4 young (4096K), 4 survivors (4096K)
 Metaspace       used 95524K, committed 97600K, reserved 1179648K
  class space    used 13631K, committed 14592K, reserved 1048576K
}
Event: 15.478 GC heap before
{Heap before GC invocations=37 (full 0):
 garbage-first heap   total 147456K, used 132507K [0x0000000080000000, 0x0000000100000000)
  region size 1024K, 45 young (46080K), 4 survivors (4096K)
 Metaspace       used 96254K, committed 98304K, reserved 1179648K
  class space    used 13689K, committed 14656K, reserved 1048576K
}
Event: 15.487 GC heap after
{Heap after GC invocations=38 (full 0):
 garbage-first heap   total 177152K, used 94554K [0x0000000080000000, 0x0000000100000000)
  region size 1024K, 6 young (6144K), 6 survivors (6144K)
 Metaspace       used 96254K, committed 98304K, reserved 1179648K
  class space    used 13689K, committed 14656K, reserved 1048576K
}
Event: 16.526 GC heap before
{Heap before GC invocations=38 (full 0):
 garbage-first heap   total 177152K, used 163162K [0x0000000080000000, 0x0000000100000000)
  region size 1024K, 69 young (70656K), 6 survivors (6144K)
 Metaspace       used 101707K, committed 103680K, reserved 1179648K
  class space    used 14392K, committed 15360K, reserved 1048576K
}
Event: 16.533 GC heap after
{Heap after GC invocations=39 (full 0):
 garbage-first heap   total 177152K, used 100332K [0x0000000080000000, 0x0000000100000000)
  region size 1024K, 9 young (9216K), 9 survivors (9216K)
 Metaspace       used 101707K, committed 103680K, reserved 1179648K
  class space    used 14392K, committed 15360K, reserved 1048576K
}
Event: 16.793 GC heap before
{Heap before GC invocations=39 (full 0):
 garbage-first heap   total 177152K, used 115692K [0x0000000080000000, 0x0000000100000000)
  region size 1024K, 26 young (26624K), 9 survivors (9216K)
 Metaspace       used 105149K, committed 107264K, reserved 1179648K
  class space    used 14770K, committed 15808K, reserved 1048576K
}
Event: 16.799 GC heap after
{Heap after GC invocations=40 (full 0):
 garbage-first heap   total 177152K, used 103438K [0x0000000080000000, 0x0000000100000000)
  region size 1024K, 4 young (4096K), 4 survivors (4096K)
 Metaspace       used 105149K, committed 107264K, reserved 1179648K
  class space    used 14770K, committed 15808K, reserved 1048576K
}
Event: 18.007 GC heap before
{Heap before GC invocations=41 (full 0):
 garbage-first heap   total 178176K, used 162830K [0x0000000080000000, 0x0000000100000000)
  region size 1024K, 61 young (62464K), 4 survivors (4096K)
 Metaspace       used 108250K, committed 110336K, reserved 1179648K
  class space    used 15150K, committed 16192K, reserved 1048576K
}
Event: 18.015 GC heap after
{Heap after GC invocations=42 (full 0):
 garbage-first heap   total 178176K, used 111616K [0x0000000080000000, 0x0000000100000000)
  region size 1024K, 8 young (8192K), 8 survivors (8192K)
 Metaspace       used 108250K, committed 110336K, reserved 1179648K
  class space    used 15150K, committed 16192K, reserved 1048576K
}
Event: 18.578 GC heap before
{Heap before GC invocations=42 (full 0):
 garbage-first heap   total 178176K, used 158720K [0x0000000080000000, 0x0000000100000000)
  region size 1024K, 55 young (56320K), 8 survivors (8192K)
 Metaspace       used 109098K, committed 111168K, reserved 1179648K
  class space    used 15270K, committed 16256K, reserved 1048576K
}
Event: 18.586 GC heap after
{Heap after GC invocations=43 (full 0):
 garbage-first heap   total 178176K, used 113432K [0x0000000080000000, 0x0000000100000000)
  region size 1024K, 4 young (4096K), 4 survivors (4096K)
 Metaspace       used 109098K, committed 111168K, reserved 1179648K
  class space    used 15270K, committed 16256K, reserved 1048576K
}
Event: 19.318 GC heap before
{Heap before GC invocations=43 (full 0):
 garbage-first heap   total 178176K, used 161560K [0x0000000080000000, 0x0000000100000000)
  region size 1024K, 52 young (53248K), 4 survivors (4096K)
 Metaspace       used 115203K, committed 117312K, reserved 1179648K
  class space    used 16150K, committed 17152K, reserved 1048576K
}
Event: 19.322 GC heap after
{Heap after GC invocations=44 (full 0):
 garbage-first heap   total 178176K, used 114270K [0x0000000080000000, 0x0000000100000000)
  region size 1024K, 4 young (4096K), 4 survivors (4096K)
 Metaspace       used 115203K, committed 117312K, reserved 1179648K
  class space    used 16150K, committed 17152K, reserved 1048576K
}
Event: 20.050 GC heap before
{Heap before GC invocations=45 (full 0):
 garbage-first heap   total 188416K, used 160740K [0x0000000080000000, 0x0000000100000000)
  region size 1024K, 52 young (53248K), 4 survivors (4096K)
 Metaspace       used 122339K, committed 124480K, reserved 1179648K
  class space    used 17360K, committed 18368K, reserved 1048576K
}
Event: 20.056 GC heap after
{Heap after GC invocations=46 (full 0):
 garbage-first heap   total 188416K, used 114902K [0x0000000080000000, 0x0000000100000000)
  region size 1024K, 4 young (4096K), 4 survivors (4096K)
 Metaspace       used 122339K, committed 124480K, reserved 1179648K
  class space    used 17360K, committed 18368K, reserved 1048576K
}
Event: 21.003 GC heap before
{Heap before GC invocations=46 (full 0):
 garbage-first heap   total 188416K, used 172246K [0x0000000080000000, 0x0000000100000000)
  region size 1024K, 61 young (62464K), 4 survivors (4096K)
 Metaspace       used 128607K, committed 130688K, reserved 1179648K
  class space    used 18407K, committed 19392K, reserved 1048576K
}
Event: 21.009 GC heap after
{Heap after GC invocations=47 (full 0):
 garbage-first heap   total 188416K, used 112646K [0x0000000080000000, 0x0000000100000000)
  region size 1024K, 5 young (5120K), 5 survivors (5120K)
 Metaspace       used 128607K, committed 130688K, reserved 1179648K
  class space    used 18407K, committed 19392K, reserved 1048576K
}
Event: 22.092 GC heap before
{Heap before GC invocations=47 (full 0):
 garbage-first heap   total 188416K, used 143366K [0x0000000080000000, 0x0000000100000000)
  region size 1024K, 37 young (37888K), 5 survivors (5120K)
 Metaspace       used 131197K, committed 133376K, reserved 1179648K
  class space    used 18732K, committed 19776K, reserved 1048576K
}
Event: 22.101 GC heap after
{Heap after GC invocations=48 (full 0):
 garbage-first heap   total 188416K, used 115591K [0x0000000080000000, 0x0000000100000000)
  region size 1024K, 8 young (8192K), 8 survivors (8192K)
 Metaspace       used 131197K, committed 133376K, reserved 1179648K
  class space    used 18732K, committed 19776K, reserved 1048576K
}

